/home/fschulz/whisper-meeting-notes/.pixi/envs/gpu/lib/python3.12/site-packages/torch/cuda/__init__.py:235: UserWarning: 
NVIDIA RTX PRO 6000 Blackwell Max-Q Workstation Edition with CUDA capability sm_120 is not compatible with the current PyTorch installation.
The current PyTorch install supports CUDA capabilities sm_50 sm_60 sm_70 sm_75 sm_80 sm_86 sm_90.
If you want to use the NVIDIA RTX PRO 6000 Blackwell Max-Q Workstation Edition GPU with PyTorch, please check the instructions at https://pytorch.org/get-started/locally/

  warnings.warn(
CUDA capability sm_120 is not supported by the current PyTorch build (supported 
architectures: sm_50, sm_60, sm_70, sm_75, sm_80, sm_86, sm_90). Falling back to
CPU execution.
╭───────────────────────────── Meeting Notes Kit ──────────────────────────────╮
│ Audio:                                                                       │
│ /home/fschulz/whisper-meeting-notes/dropbox/jobs/20251014-054107-aab673ca/se │
│ ssion-20251013-224041.flac                                                   │
│ Output:                                                                      │
│ /home/fschulz/whisper-meeting-notes/dropbox/jobs/20251014-054107-aab673ca/20 │
│ 251013-224106-session-20251013-224041.md                                     │
│ Model: large-v3                                                              │
│ Device: cpu (compute=int8)                                                   │
╰──────────────────────────────────────────────────────────────────────────────╯
Loading model…
Lightning automatically upgraded your loaded checkpoint from v1.5.4 to v2.5.5. To apply the upgrade to your files permanently, run `python -m pytorch_lightning.utilities.upgrade_checkpoint .pixi/envs/gpu/lib/python3.12/site-packages/whisperx/assets/pytorch_model.bin`
No language specified, language will be first be detected for each audio file (increases inference time).
>>Performing voice activity detection using Pyannote...
Model was trained with pyannote.audio 0.0.1, yours is 3.4.0. Bad things might happen unless you revert pyannote.audio to 0.x.
Model was trained with torch 1.10.0+cu102, yours is 2.5.1+cu124. Bad things might happen unless you revert torch to 1.x.
Loading audio…
Transcribing…
Warning: audio is shorter than 30s, language detection may be inaccurate.
Detected language: en (0.99) in first 30s of audio...
HF_TOKEN not found. Skipping diarisation (all text -> Speaker 1).
┏━━━━━━━━━━━━━━┳━━━━━━━━━━━━━━┳━━━━━━━━━━━┳━━━━━━━━━━━━━━━━━━━━━━━━━━━━━━━━━━━━┓
┃        Start ┃          End ┃ Speaker   ┃ Snippet                            ┃
┡━━━━━━━━━━━━━━╇━━━━━━━━━━━━━━╇━━━━━━━━━━━╇━━━━━━━━━━━━━━━━━━━━━━━━━━━━━━━━━━━━┩
│ 00:00:00.031 │ 00:00:22.778 │ Speaker 1 │ okay let's give it another try     │
│              │              │           │ what's exactly going on here I     │
│              │              │           │ don't really understand that I     │
│              │              │           │ don't need to see what's go…       │
└──────────────┴──────────────┴───────────┴────────────────────────────────────┘
Notes saved to 
/home/fschulz/whisper-meeting-notes/dropbox/jobs/20251014-054107-aab673ca/202510
13-224106-session-20251013-224041.md
