╭───────────────────────────── Meeting Notes Kit ──────────────────────────────╮
│ Audio:                                                                       │
│ /home/fschulz/whisper-meeting-notes/dropbox/jobs/20251014-163907-ae9d0d0e/se │
│ ssion-20251014-093819.flac                                                   │
│ Output:                                                                      │
│ /home/fschulz/whisper-meeting-notes/dropbox/jobs/20251014-163907-ae9d0d0e/20 │
│ 251014-093905-session-20251014-093819.md                                     │
│ Model: large-v3                                                              │
│ Device: cuda (compute=float16)                                               │
╰──────────────────────────────────────────────────────────────────────────────╯
Loading model…
Lightning automatically upgraded your loaded checkpoint from v1.5.4 to v2.5.5. To apply the upgrade to your files permanently, run `python -m pytorch_lightning.utilities.upgrade_checkpoint .pixi/envs/gpu/lib/python3.12/site-packages/whisperx/assets/pytorch_model.bin`
No language specified, language will be first be detected for each audio file (increases inference time).
>>Performing voice activity detection using Pyannote...
Model was trained with pyannote.audio 0.0.1, yours is 3.4.0. Bad things might happen unless you revert pyannote.audio to 0.x.
Model was trained with torch 1.10.0+cu102, yours is 2.5.1+cu124. Bad things might happen unless you revert torch to 1.x.
Loading audio…
Transcribing…
/home/fschulz/whisper-meeting-notes/.pixi/envs/gpu/lib/python3.12/site-packages/pyannote/audio/utils/reproducibility.py:74: ReproducibilityWarning: TensorFloat-32 (TF32) has been disabled as it might lead to reproducibility issues and lower accuracy.
It can be re-enabled by calling
   >>> import torch
   >>> torch.backends.cuda.matmul.allow_tf32 = True
   >>> torch.backends.cudnn.allow_tf32 = True
See https://github.com/pyannote/pyannote-audio/issues/1370 for more details.

  warnings.warn(
Detected language: en (0.83) in first 30s of audio...
HF_TOKEN not found. Skipping diarisation (all text -> Speaker 1).
┏━━━━━━━━━━━━━━┳━━━━━━━━━━━━━━┳━━━━━━━━━━━┳━━━━━━━━━━━━━━━━━━━━━━━━━━━━━━━━━━━━┓
┃        Start ┃          End ┃ Speaker   ┃ Snippet                            ┃
┡━━━━━━━━━━━━━━╇━━━━━━━━━━━━━━╇━━━━━━━━━━━╇━━━━━━━━━━━━━━━━━━━━━━━━━━━━━━━━━━━━┩
│ 00:00:00.335 │ 00:00:26.744 │ Speaker 1 │ What are you playing? I'm actually │
│              │              │           │ building something out of the      │
│              │              │           │ crane. The crane you're building?  │
│              │              │           │ Yeah. That's nice. Ok…             │
│ 00:00:27.655 │ 00:00:37.207 │ Speaker 1 │ Yeah, I have to get something done │
│              │              │           │ before the 1 o'clock meeting. So   │
│              │              │           │ the next meeting is at 1 o'clock?  │
│              │              │           │ No, my next meetin…                │
└──────────────┴──────────────┴───────────┴────────────────────────────────────┘
Notes saved to 
/home/fschulz/whisper-meeting-notes/dropbox/jobs/20251014-163907-ae9d0d0e/202510
14-093905-session-20251014-093819.md
