╭───────────────────────────── Meeting Notes Kit ──────────────────────────────╮
│ Audio:                                                                       │
│ /home/fschulz/whisper-meeting-notes/dropbox/jobs/20251014-013614-cf15e5c5/se │
│ ssion-20251013-183600.flac                                                   │
│ Output:                                                                      │
│ /home/fschulz/whisper-meeting-notes/dropbox/jobs/20251014-013614-cf15e5c5/20 │
│ 251013-183612-session-20251013-183600.md                                     │
│ Model: large-v3                                                              │
│ Device: cpu (compute=int8)                                                   │
╰──────────────────────────────────────────────────────────────────────────────╯
Loading model…
Lightning automatically upgraded your loaded checkpoint from v1.5.4 to v2.5.5. To apply the upgrade to your files permanently, run `python -m pytorch_lightning.utilities.upgrade_checkpoint .pixi/envs/gpu/lib/python3.12/site-packages/whisperx/assets/pytorch_model.bin`
No language specified, language will be first be detected for each audio file (increases inference time).
>>Performing voice activity detection using Pyannote...
Model was trained with pyannote.audio 0.0.1, yours is 3.4.0. Bad things might happen unless you revert pyannote.audio to 0.x.
Model was trained with torch 1.10.0+cu102, yours is 2.5.1. Bad things might happen unless you revert torch to 1.x.
Loading audio…
Transcribing…
Warning: audio is shorter than 30s, language detection may be inaccurate.
Detected language: en (0.95) in first 30s of audio...
HF_TOKEN not found. Skipping diarisation (all text -> Speaker 1).
┏━━━━━━━━━━━━━━┳━━━━━━━━━━━━━━┳━━━━━━━━━━━┳━━━━━━━━━━━━━━━━━━━━━━━━━━━━━━━━━━━━┓
┃        Start ┃          End ┃ Speaker   ┃ Snippet                            ┃
┡━━━━━━━━━━━━━━╇━━━━━━━━━━━━━━╇━━━━━━━━━━━╇━━━━━━━━━━━━━━━━━━━━━━━━━━━━━━━━━━━━┩
│ 00:00:01.162 │ 00:00:11.573 │ Speaker 1 │ Okay, testing it one more time.    │
│              │              │           │ Let's see what happened here. Does │
│              │              │           │ this work now? Maybe yes, maybe    │
│              │              │           │ no. Maybe yes. Okay, …             │
└──────────────┴──────────────┴───────────┴────────────────────────────────────┘
Notes saved to 
/home/fschulz/whisper-meeting-notes/dropbox/jobs/20251014-013614-cf15e5c5/202510
13-183612-session-20251013-183600.md
